<?xml version="1.0" encoding="utf-8"?><testsuites name="pytest tests"><testsuite name="pytest" errors="0" failures="0" skipped="0" tests="72" time="1.146" timestamp="2026-05-20T10:58:37.165581-03:00" hostname="gesmachado"><testcase classname="tests.test_assets" name="test_create_asset_with_required_fields" time="0.020" /><testcase classname="tests.test_assets" name="test_international_asset_requires_country" time="0.008" /><testcase classname="tests.test_assets" name="test_national_etf_requires_etf_subtype" time="0.008" /><testcase classname="tests.test_assets" name="test_national_fixed_income_etf_uses_fixed_income_display_class" time="0.012" /><testcase classname="tests.test_assets" name="test_asset_can_be_listed_after_creation" time="0.016" /><testcase classname="tests.test_assets" name="test_lookup_asset_with_yfinance_provider" time="0.007" /><testcase classname="tests.test_assets" name="test_patch_fixed_income_asset_stores_rf_fields" time="0.016" /><testcase classname="tests.test_assets" name="test_patch_asset_updates_name" time="0.015" /><testcase classname="tests.test_assets" name="test_patch_asset_returns_404_when_missing" time="0.009" /><testcase classname="tests.test_assets" name="test_create_asset_returns_409_on_duplicate_symbol" time="0.013" /><testcase classname="tests.test_assets" name="test_create_asset_returns_409_when_symbol_variants_match" time="0.014" /><testcase classname="tests.test_assets" name="test_patch_asset_returns_409_on_duplicate_symbol" time="0.018" /><testcase classname="tests.test_assets" name="test_delete_asset_returns_204" time="0.017" /><testcase classname="tests.test_assets" name="test_delete_asset_returns_404_when_missing" time="0.008" /><testcase classname="tests.test_assets_bulk" name="test_bulk_preview_marks_existing_and_lookups_new" time="0.014" /><testcase classname="tests.test_assets_bulk" name="test_bulk_preview_continues_when_symbol_not_found" time="0.010" /><testcase classname="tests.test_assets_bulk" name="test_bulk_create_partial_success" time="0.014" /><testcase classname="tests.test_assets_http" name="test_get_assets_returns_json_list" time="0.007" /><testcase classname="tests.test_assets_http" name="test_get_assets_lookup_requires_symbol_query" time="0.007" /><testcase classname="tests.test_assets_http" name="test_get_assets_lookup_returns_json_and_expected_keys" time="0.006" /><testcase classname="tests.test_assets_http" name="test_post_assets_returns_201_and_json" time="0.009" /><testcase classname="tests.test_dividend_payments" name="test_create_and_list_dividend_payment" time="0.047" /><testcase classname="tests.test_dividend_payments" name="test_create_rejects_missing_asset" time="0.020" /><testcase classname="tests.test_dividend_payments" name="test_create_rejects_non_positive_amount" time="0.021" /><testcase classname="tests.test_dividend_payments" name="test_filter_by_market_and_payment_type" time="0.032" /><testcase classname="tests.test_dividend_payments" name="test_update_and_delete_dividend_payment" time="0.033" /><testcase classname="tests.test_dividend_payments_bulk" name="test_bulk_preview_ready_and_errors" time="0.014" /><testcase classname="tests.test_dividend_payments_bulk" name="test_bulk_preview_keeps_identical_rows_ready" time="0.021" /><testcase classname="tests.test_dividend_payments_bulk" name="test_bulk_create_imports_all_payloads_including_identical" time="0.074" /><testcase classname="tests.test_dividend_payments_http" name="test_get_dividend_payments_empty" time="0.008" /><testcase classname="tests.test_dividend_payments_http" name="test_post_and_get_dividend_payment" time="0.021" /><testcase classname="tests.test_dividend_payments_http" name="test_patch_and_delete_dividend_payment" time="0.031" /><testcase classname="tests.test_fx_http" name="test_get_usd_brl_empty" time="0.008" /><testcase classname="tests.test_fx_http" name="test_post_refresh_usd_brl_persists_and_get_returns_values" time="0.012" /><testcase classname="tests.test_fx_http" name="test_post_refresh_usd_brl_fails_when_fetch_raises" time="0.007" /><testcase classname="tests.test_health" name="test_health_check_returns_ok" time="0.003" /><testcase classname="tests.test_import_http" name="test_import_preview_missing_asset" time="0.009" /><testcase classname="tests.test_import_http" name="test_import_confirm_creates_portfolio_and_asset" time="0.025" /><testcase classname="tests.test_import_http" name="test_import_confirm_duplicate_portfolio_name_gets_suffix" time="0.024" /><testcase classname="tests.test_import_http" name="test_import_confirm_second_import_increments_suffix" time="0.034" /><testcase classname="tests.test_import_http" name="test_import_preview_conflict" time="0.013" /><testcase classname="tests.test_portfolios_http" name="test_get_portfolios_empty" time="0.009" /><testcase classname="tests.test_portfolios_http" name="test_post_portfolio_returns_201" time="0.008" /><testcase classname="tests.test_portfolios_http" name="test_active_portfolio_roundtrip" time="0.017" /><testcase classname="tests.test_portfolios_http" name="test_positions_crud" time="0.038" /><testcase classname="tests.test_portfolios_http" name="test_fixed_income_position_accepts_manual_values" time="0.026" /><testcase classname="tests.test_portfolios_http" name="test_post_position_rejects_negative_manual_value" time="0.017" /><testcase classname="tests.test_portfolios_http" name="test_post_position_rejects_negative_quantity" time="0.018" /><testcase classname="tests.test_portfolios_http" name="test_patch_portfolio_renames" time="0.021" /><testcase classname="tests.test_portfolios_http" name="test_export_portfolio_json" time="0.027" /><testcase classname="tests.test_portfolios_http" name="test_export_portfolio_includes_manual_fixed_income_fields" time="0.027" /><testcase classname="tests.test_portfolios_http" name="test_post_position_accepts_fractional_quantity" time="0.021" /><testcase classname="tests.test_portfolios_http" name="test_refresh_portfolio_quotes_updates_quoted_assets" time="0.041" /><testcase classname="tests.test_seed_assets" name="test_load_and_save_assets_json" time="0.003" /><testcase classname="tests.test_seed_assets" name="test_merge_overlay_replaces_same_symbol" time="0.000" /><testcase classname="tests.test_seed_assets" name="test_load_seed_payloads_merges_local" time="0.004" /><testcase classname="tests.test_seed_assets" name="test_upsert_inserts_and_updates_without_deleting_extra" time="0.030" /><testcase classname="tests.test_seed_assets" name="test_fresh_clears_and_reseeds" time="0.028" /><testcase classname="tests.test_seed_assets" name="test_export_json_roundtrip" time="0.021" /><testcase classname="tests.test_yfinance_symbol" name="test_resolve_yahoo_symbol[BBSE3-BBSE3.SA]" time="0.001" /><testcase classname="tests.test_yfinance_symbol" name="test_resolve_yahoo_symbol[bbse3-BBSE3.SA]" time="0.000" /><testcase classname="tests.test_yfinance_symbol" name="test_resolve_yahoo_symbol[  petr4  -PETR4.SA]" time="0.000" /><testcase classname="tests.test_yfinance_symbol" name="test_resolve_yahoo_symbol[PETR4.SA-PETR4.SA]" time="0.000" /><testcase classname="tests.test_yfinance_symbol" name="test_resolve_yahoo_symbol[petr4.sa-PETR4.SA]" time="0.000" /><testcase classname="tests.test_yfinance_symbol" name="test_resolve_yahoo_symbol[HGLG11-HGLG11.SA]" time="0.000" /><testcase classname="tests.test_yfinance_symbol" name="test_resolve_yahoo_symbol[VOO-VOO]" time="0.000" /><testcase classname="tests.test_yfinance_symbol" name="test_resolve_yahoo_symbol[AAPL-AAPL]" time="0.000" /><testcase classname="tests.test_yfinance_symbol" name="test_resolve_yahoo_symbol[BTC-USD-BTC-USD]" time="0.000" /><testcase classname="tests.test_yfinance_symbol" name="test_resolve_yahoo_symbol[BRK.B-BRK.B]" time="0.000" /><testcase classname="tests.test_yfinance_symbol" name="test_asset_type_fundo_de_indice_is_etf_not_fii" time="0.000" /><testcase classname="tests.test_yfinance_symbol" name="test_ensure_quote_found_rejects_empty_yfinance_payload" time="0.000" /><testcase classname="tests.test_yfinance_symbol" name="test_ensure_quote_found_accepts_minimal_valid_payload" time="0.000" /></testsuite></testsuites>